<?xml version="1.0" encoding="UTF-8"?>
<testsuite name="test.AutomationDemoSite" tests="1" skipped="0" failures="0" errors="0" timestamp="2019-12-24T17:10:01" hostname="PSOFKA0246" time="15.769">
  <properties/>
  <testcase name="webTable" classname="test.AutomationDemoSite" time="15.769"/>
  <system-out><![CDATA[]]></system-out>
  <system-err><![CDATA[Starting ChromeDriver 79.0.3945.36 (3582db32b33893869b8c1339e8f4d9ed1816f143-refs/branch-heads/3945@{#614}) on port 39588
Only local connections are allowed.
Please protect ports used by ChromeDriver and related test frameworks to prevent access by malicious code.
[1577207405.450][WARNING]: Timed out connecting to Chrome, retrying...
dic 24, 2019 12:10:07 PM org.openqa.selenium.remote.ProtocolHandshake createSession
INFORMACIÓN: Detected dialect: W3C
]]></system-err>
</testsuite>
